  [4;36;1mSQL (0.3ms)[0m   [0;1mSET NAMES 'utf8'[0m
  [4;35;1mSQL (0.3ms)[0m   [0mSET SQL_AUTO_IS_NULL=0[0m
  [4;36;1mSQL (0.9ms)[0m   [0;1mSHOW TABLES[0m
  [4;35;1mSQL (186.0ms)[0m   [0mCREATE TABLE `schema_migrations` (`version` varchar(255) NOT NULL) ENGINE=InnoDB[0m
  [4;36;1mSQL (0.9ms)[0m   [0;1mSHOW KEYS FROM `schema_migrations`[0m
  [4;35;1mSQL (353.9ms)[0m   [0mCREATE UNIQUE INDEX `unique_schema_migrations` ON `schema_migrations` (`version`)[0m
  [4;36;1mSQL (1.1ms)[0m   [0;1mSHOW TABLES[0m
  [4;35;1mSQL (0.6ms)[0m   [0mSHOW TABLES[0m
  [4;36;1mSQL (0.7ms)[0m   [0;1mSELECT version FROM schema_migrations[0m
  [4;35;1mSQL (0.6ms)[0m   [0mSHOW TABLES[0m
  [4;36;1mSQL (0.3ms)[0m   [0;1mSET NAMES 'utf8'[0m
  [4;35;1mSQL (0.3ms)[0m   [0mSET SQL_AUTO_IS_NULL=0[0m
  [4;36;1mSQL (0.6ms)[0m   [0;1mSHOW TABLES[0m
  [4;35;1mSQL (0.3ms)[0m   [0mSELECT version FROM schema_migrations[0m
Migrating to CreateTests (20110130030726)
  [4;36;1mSQL (153.9ms)[0m   [0;1mCREATE TABLE `tests` (`id` int(11) DEFAULT NULL auto_increment PRIMARY KEY, `username` varchar(255), `address` varchar(255), `birthday` varchar(255), `created_at` datetime, `updated_at` datetime) ENGINE=InnoDB[0m
  [4;35;1mSQL (54.1ms)[0m   [0mINSERT INTO schema_migrations (version) VALUES ('20110130030726')[0m
  [4;36;1mSQL (0.7ms)[0m   [0;1mSHOW TABLES[0m
  [4;35;1mSQL (0.6ms)[0m   [0mSELECT version FROM schema_migrations[0m
  [4;36;1mSQL (0.6ms)[0m   [0;1mSHOW TABLES[0m
  [4;35;1mSQL (2.0ms)[0m   [0mSHOW FIELDS FROM `tests`[0m
  [4;36;1mSQL (1.6ms)[0m   [0;1mdescribe `tests`[0m
  [4;35;1mSQL (0.7ms)[0m   [0mSHOW KEYS FROM `tests`[0m
  [4;36;1mSQL (0.3ms)[0m   [0;1mSET NAMES 'utf8'[0m
  [4;35;1mSQL (0.2ms)[0m   [0mSET SQL_AUTO_IS_NULL=0[0m
  [4;36;1mSQL (0.7ms)[0m   [0;1mSHOW TABLES[0m
  [4;35;1mSQL (0.3ms)[0m   [0mSELECT version FROM schema_migrations[0m
Migrating to CreateLetters (20110130031258)
  [4;36;1mSQL (150.0ms)[0m   [0;1mCREATE TABLE `letters` (`id` int(11) DEFAULT NULL auto_increment PRIMARY KEY, `username` varchar(255), `address` varchar(255), `birthday` varchar(255), `created_at` datetime, `updated_at` datetime) ENGINE=InnoDB[0m
  [4;35;1mSQL (53.8ms)[0m   [0mINSERT INTO schema_migrations (version) VALUES ('20110130031258')[0m
  [4;36;1mSQL (0.7ms)[0m   [0;1mSHOW TABLES[0m
  [4;35;1mSQL (0.6ms)[0m   [0mSELECT version FROM schema_migrations[0m
  [4;36;1mSQL (0.7ms)[0m   [0;1mSHOW TABLES[0m
  [4;35;1mSQL (1.9ms)[0m   [0mSHOW FIELDS FROM `letters`[0m
  [4;36;1mSQL (1.6ms)[0m   [0;1mdescribe `letters`[0m
  [4;35;1mSQL (0.8ms)[0m   [0mSHOW KEYS FROM `letters`[0m
  [4;36;1mSQL (2.0ms)[0m   [0;1mSHOW FIELDS FROM `tests`[0m
  [4;35;1mSQL (1.7ms)[0m   [0mdescribe `tests`[0m
  [4;36;1mSQL (0.7ms)[0m   [0;1mSHOW KEYS FROM `tests`[0m
  [4;36;1mSQL (0.3ms)[0m   [0;1mSET NAMES 'utf8'[0m
  [4;35;1mSQL (0.2ms)[0m   [0mSET SQL_AUTO_IS_NULL=0[0m
  [4;36;1mSQL (0.9ms)[0m   [0;1mSHOW TABLES[0m
  [4;35;1mLetters Columns (2.0ms)[0m   [0mSHOW FIELDS FROM `letters`[0m
  [4;36;1mSQL (0.4ms)[0m   [0;1mSET NAMES 'utf8'[0m
  [4;35;1mSQL (0.3ms)[0m   [0mSET SQL_AUTO_IS_NULL=0[0m


Processing Rails::InfoController#properties (for 127.0.0.1 at 2011-01-29 22:16:30) [GET]
  [4;36;1mSQL (0.8ms)[0m   [0;1mSHOW TABLES[0m
  [4;35;1mSQL (0.2ms)[0m   [0mSELECT version FROM schema_migrations[0m
Completed in 49ms (View: 6, DB: 2) | 200 OK [http://localhost/rails/info/properties]
  [4;36;1mSQL (0.3ms)[0m   [0;1mSET NAMES 'utf8'[0m
  [4;35;1mSQL (0.3ms)[0m   [0mSET SQL_AUTO_IS_NULL=0[0m


Processing ApplicationController#index (for 127.0.0.1 at 2011-01-29 22:18:23) [GET]

ActionController::RoutingError (No route matches "/auth/login" with {:method=>:get}):
  /home/frank/.rvm/rubies/ruby-1.8.7-p330/lib/ruby/1.8/webrick/httpserver.rb:104:in `service'
  /home/frank/.rvm/rubies/ruby-1.8.7-p330/lib/ruby/1.8/webrick/httpserver.rb:65:in `run'
  /home/frank/.rvm/rubies/ruby-1.8.7-p330/lib/ruby/1.8/webrick/server.rb:173:in `start_thread'
  /home/frank/.rvm/rubies/ruby-1.8.7-p330/lib/ruby/1.8/webrick/server.rb:162:in `start'
  /home/frank/.rvm/rubies/ruby-1.8.7-p330/lib/ruby/1.8/webrick/server.rb:162:in `start_thread'
  /home/frank/.rvm/rubies/ruby-1.8.7-p330/lib/ruby/1.8/webrick/server.rb:95:in `start'
  /home/frank/.rvm/rubies/ruby-1.8.7-p330/lib/ruby/1.8/webrick/server.rb:92:in `each'
  /home/frank/.rvm/rubies/ruby-1.8.7-p330/lib/ruby/1.8/webrick/server.rb:92:in `start'
  /home/frank/.rvm/rubies/ruby-1.8.7-p330/lib/ruby/1.8/webrick/server.rb:23:in `start'
  /home/frank/.rvm/rubies/ruby-1.8.7-p330/lib/ruby/1.8/webrick/server.rb:82:in `start'

Rendering rescues/layout (not_found)
  [4;36;1mSQL (0.3ms)[0m   [0;1mSET NAMES 'utf8'[0m
  [4;35;1mSQL (0.3ms)[0m   [0mSET SQL_AUTO_IS_NULL=0[0m


Processing AuthController#index (for 127.0.0.1 at 2011-01-29 22:18:55) [GET]
Rendering auth/index
Completed in 36ms (View: 31, DB: 1) | 200 OK [http://localhost/auth/login]
  [4;36;1mSQL (0.4ms)[0m   [0;1mSET NAMES 'utf8'[0m
  [4;35;1mSQL (0.3ms)[0m   [0mSET SQL_AUTO_IS_NULL=0[0m


Processing AuthController#login (for 127.0.0.1 at 2011-01-29 22:19:14) [GET]
Completed in 7ms (View: 2, DB: 1) | 200 OK [http://localhost/auth/login]
